<?xml version="1.0" encoding="UTF-8"?>
<testsuite name="AddressBook_JavaStream_Test" tests="1" skipped="0" failures="0" errors="0" timestamp="2020-12-22T13:16:29" hostname="DESKTOP-J9DM2GE" time="0.356">
  <properties/>
  <testcase name="givenDateRange_WhenRetrieved_ShouldMatchAddressBook_DataCount" classname="AddressBook_JavaStream_Test" time="0.356"/>
  <system-out><![CDATA[connecting to the database:jdbc:mysql://localhost:3306/addressbooksql_service?useSSL=false
connection is successful!!!!com.mysql.jdbc.JDBC4Connection@74e356b0
connecting to the database:jdbc:mysql://localhost:3306/addressbooksql_service?useSSL=false
connection is successful!!!!com.mysql.jdbc.JDBC4Connection@2b9faccf
]]></system-out>
  <system-err><![CDATA[]]></system-err>
</testsuite>
